  col_of_maximums.cpp
D:\3 course\Parallel\week_14_promise\col_of_maximums\col_of_maximums.cpp(141,44): warning C4244: 'initializing': conversion from '__int64' to 'unsigned long', possible loss of data
D:\3 course\Parallel\week_14_promise\col_of_maximums\col_of_maximums.cpp(167): message : see reference to function template instantiation 'int max_count<std::_Vector_iterator<std::_Vector_val<std::_Simple_types<_Ty>>>,int>(Iterator,Iterator)' being compiled
          with
          [
              _Ty=std::vector<int,std::allocator<int>>,
              Iterator=std::_Vector_iterator<std::_Vector_val<std::_Simple_types<std::vector<int,std::allocator<int>>>>>
          ]
D:\3 course\Parallel\week_14_promise\col_of_maximums\col_of_maximums.cpp(141,29): warning C4244: 'initializing': conversion from '__int64' to 'const unsigned long', possible loss of data
D:\3 course\Parallel\week_14_promise\col_of_maximums\col_of_maximums.cpp(56,44): warning C4244: 'initializing': conversion from '__int64' to 'unsigned long', possible loss of data
D:\3 course\Parallel\week_14_promise\col_of_maximums\col_of_maximums.cpp(173): message : see reference to function template instantiation 'int parallel_max_count<std::_Vector_iterator<std::_Vector_val<std::_Simple_types<_Ty>>>,int>(Iterator,Iterator)' being compiled
          with
          [
              _Ty=std::vector<int,std::allocator<int>>,
              Iterator=std::_Vector_iterator<std::_Vector_val<std::_Simple_types<std::vector<int,std::allocator<int>>>>>
          ]
D:\3 course\Parallel\week_14_promise\col_of_maximums\col_of_maximums.cpp(56,29): warning C4244: 'initializing': conversion from '__int64' to 'const unsigned long', possible loss of data
D:\3 course\Parallel\week_14_promise\col_of_maximums\col_of_maximums.cpp(96,44): warning C4244: 'initializing': conversion from '__int64' to 'unsigned long', possible loss of data
D:\3 course\Parallel\week_14_promise\col_of_maximums\col_of_maximums.cpp(179): message : see reference to function template instantiation 'int promise_max_count<std::_Vector_iterator<std::_Vector_val<std::_Simple_types<_Ty>>>,int>(Iterator,Iterator)' being compiled
          with
          [
              _Ty=std::vector<int,std::allocator<int>>,
              Iterator=std::_Vector_iterator<std::_Vector_val<std::_Simple_types<std::vector<int,std::allocator<int>>>>>
          ]
D:\3 course\Parallel\week_14_promise\col_of_maximums\col_of_maximums.cpp(96,29): warning C4244: 'initializing': conversion from '__int64' to 'const unsigned long', possible loss of data
  Generating code
  1 of 615 functions ( 0.2%) were compiled, the rest were copied from previous compilation.
    0 functions were new in current compilation
    0 functions had inline decision re-evaluated but remain unchanged
  Finished generating code
  col_of_maximums.vcxproj -> D:\3 course\Parallel\week_14_promise\col_of_maximums\x64\Release\col_of_maximums.exe
